{
"/Users/thabet/Documents/GitHub/analytics.js-integration-userpilot/lib/index.js":{"path":"/Users/thabet/Documents/GitHub/analytics.js-integration-userpilot/lib/index.js","s":{"1":1,"2":1,"3":1,"4":1,"5":1,"6":6,"7":1,"8":2,"9":1,"10":5,"11":5,"12":1,"13":2,"14":1,"15":1,"16":1,"17":1,"18":1,"19":1,"20":1,"21":1,"22":1,"23":1,"24":1,"25":1,"26":0,"27":1},"b":{"1":[5,0],"2":[1,0]},"f":{"1":6,"2":2,"3":5,"4":2,"5":1,"6":1,"7":1,"8":0},"fnMap":{"1":{"name":"(anonymous_1)","line":27,"loc":{"start":{"line":27,"column":33},"end":{"line":27,"column":44}}},"2":{"name":"(anonymous_2)","line":38,"loc":{"start":{"line":38,"column":29},"end":{"line":38,"column":40}}},"3":{"name":"(anonymous_3)","line":49,"loc":{"start":{"line":49,"column":27},"end":{"line":49,"column":46}}},"4":{"name":"(anonymous_4)","line":63,"loc":{"start":{"line":63,"column":27},"end":{"line":63,"column":42}}},"5":{"name":"(anonymous_5)","line":76,"loc":{"start":{"line":76,"column":31},"end":{"line":76,"column":50}}},"6":{"name":"(anonymous_6)","line":96,"loc":{"start":{"line":96,"column":28},"end":{"line":96,"column":44}}},"7":{"name":"(anonymous_7)","line":112,"loc":{"start":{"line":112,"column":28},"end":{"line":112,"column":44}}},"8":{"name":"(anonymous_8)","line":120,"loc":{"start":{"line":120,"column":27},"end":{"line":120,"column":47}}}},"statementMap":{"1":{"start":{"line":7,"column":0},"end":{"line":7,"column":63}},"2":{"start":{"line":8,"column":0},"end":{"line":8,"column":35}},"3":{"start":{"line":9,"column":0},"end":{"line":9,"column":43}},"4":{"start":{"line":15,"column":0},"end":{"line":17,"column":26}},"5":{"start":{"line":27,"column":0},"end":{"line":29,"column":2}},"6":{"start":{"line":28,"column":2},"end":{"line":28,"column":24}},"7":{"start":{"line":38,"column":0},"end":{"line":40,"column":2}},"8":{"start":{"line":39,"column":2},"end":{"line":39,"column":36}},"9":{"start":{"line":49,"column":0},"end":{"line":52,"column":2}},"10":{"start":{"line":50,"column":2},"end":{"line":50,"column":41}},"11":{"start":{"line":51,"column":2},"end":{"line":51,"column":59}},"12":{"start":{"line":63,"column":0},"end":{"line":65,"column":2}},"13":{"start":{"line":64,"column":2},"end":{"line":64,"column":58}},"14":{"start":{"line":76,"column":0},"end":{"line":84,"column":2}},"15":{"start":{"line":77,"column":2},"end":{"line":77,"column":33}},"16":{"start":{"line":78,"column":2},"end":{"line":81,"column":3}},"17":{"start":{"line":79,"column":4},"end":{"line":79,"column":41}},"18":{"start":{"line":80,"column":4},"end":{"line":80,"column":28}},"19":{"start":{"line":83,"column":2},"end":{"line":83,"column":55}},"20":{"start":{"line":96,"column":0},"end":{"line":100,"column":2}},"21":{"start":{"line":97,"column":2},"end":{"line":98,"column":26}},"22":{"start":{"line":99,"column":2},"end":{"line":99,"column":44}},"23":{"start":{"line":112,"column":0},"end":{"line":114,"column":2}},"24":{"start":{"line":113,"column":2},"end":{"line":113,"column":60}},"25":{"start":{"line":120,"column":0},"end":{"line":122,"column":2}},"26":{"start":{"line":121,"column":2},"end":{"line":121,"column":38}},"27":{"start":{"line":124,"column":0},"end":{"line":124,"column":32}}},"branchMap":{"1":{"line":50,"type":"binary-expr","locations":[{"start":{"line":50,"column":11},"end":{"line":50,"column":32}},{"start":{"line":50,"column":36},"end":{"line":50,"column":40}}]},"2":{"line":78,"type":"if","locations":[{"start":{"line":78,"column":2},"end":{"line":78,"column":2}},{"start":{"line":78,"column":2},"end":{"line":78,"column":2}}]}},"code":["(function () { 'use strict';","","/**"," * Module dependencies."," */","","var integration = require('@segment/analytics.js-integration');","var isObject = require('isobject');","var load = require('@segment/load-script');","","/**"," * Expose `Userpilot` integration."," */","","var Userpilot = integration('Userpilot')","  .global('Userpilot')","  .option('appToken', '');","","/**"," * Initialize."," *"," * http://help.userpilot.com/"," *"," * @api public"," */","","Userpilot.prototype.initialize = function() {","  this.load(this.ready);","};","","/**"," * Loaded?"," *"," * @api private"," * @return {boolean}"," */","","Userpilot.prototype.loaded = function() {","  return isObject(window.userpilot);","};","","/**"," * Load the Userpilot library."," *"," * @api private"," * @param {Function} callback"," */","","Userpilot.prototype.load = function(callback) {","  var id = this.options.appToken || 'iv';","  load('//js.userpilot.io/' + id + '/latest.js', callback);","};","","/**"," * Page."," *"," * http://help.userpilot.io/docs#page"," *"," * @api public"," * @param {Page} page"," */","","Userpilot.prototype.page = function(page) {","  window.userpilot.reload(page.name(), page.properties());","};","","/**"," * Identify."," *"," * http://help.userpilot.io/docs#identify"," *"," * @api public"," * @param {Identify} identify"," */","","Userpilot.prototype.identify = function(identify) {","  var traits = identify.traits();","  if (traits.createdAt) {","    traits.created_at = traits.createdAt;","    delete traits.createdAt;","  }","","  window.userpilot.identify(identify.userId(), traits);","};","","","/**"," * Track."," *"," * http://help.userpilot.io/docs#track"," *"," * @api group"," * @param {Group} group"," */","","Userpilot.prototype.group = function(group) {","  var companyId = group.groupId(),","  traits = group.traits();","  window.userpilot.group(companyId, traits);","};","","","/**"," * Track."," *"," * http://help.userpilot.io/docs#track"," *"," * @api public"," * @param {Track} track"," */","","Userpilot.prototype.track = function(track) {","  window.userpilot.track(track.event(), track.properties());","};","","/**"," * Expose plugin."," */","","module.exports = exports = function(analytics) {","  analytics.addIntegration(Userpilot);","};","","exports.Integration = Userpilot;","","}());"],"l":{"7":1,"8":1,"9":1,"15":1,"27":1,"28":6,"38":1,"39":2,"49":1,"50":5,"51":5,"63":1,"64":2,"76":1,"77":1,"78":1,"79":1,"80":1,"83":1,"96":1,"97":1,"99":1,"112":1,"113":1,"120":1,"121":0,"124":1}}}
